<?xml version="1.0" encoding="UTF-8"?>
<testsuite name="charge.AppTest" tests="1" skipped="0" failures="0" errors="0" timestamp="2021-04-17T14:21:59" hostname="oguzs-mbp" time="0.001">
  <properties/>
  <testcase name="shouldAnswerWithTrue" classname="charge.AppTest" time="0.001"/>
  <system-out><![CDATA[]]></system-out>
  <system-err><![CDATA[]]></system-err>
</testsuite>
